<?xml version="1.0" encoding="UTF-8"?>
<!-- Generated by org.testng.reporters.JUnitReportReporter -->
<testsuite hostname="MININT-8AKUECL" name="SonicWall_Regression.sample.NewTest" tests="1" failures="0" timestamp="30 Jul 2017 19:10:44 GMT" time="0.016" errors="0">
  <testcase name="f" time="0.016" classname="SonicWall_Regression.sample.NewTest"/>
</testsuite> <!-- SonicWall_Regression.sample.NewTest -->
